<?xml version="1.0" encoding="UTF-8"?>
<!-- Generated by org.testng.reporters.JUnitXMLReporter -->
<testsuite ignored="0" hostname="NTP-LAP-883" failures="0" tests="4" name="Default test" time="9.988" errors="0" timestamp="2022-12-16T00:48:38 IST">
  <testcase classname="com.ictk.scripts.TestClass" name="ValidLoginVerification" time="2.978"/>
  <testcase classname="com.ictk.scripts.TestClass" name="ValidHomeVerification" time="1.674"/>
  <testcase classname="com.ictk.scripts.TestClass" name="ValidAddEmpVerification" time="3.692"/>
  <testcase classname="com.ictk.scripts.TestClass" name="logout" time="1.504"/>
</testsuite> <!-- Default test -->
